0 info it worked if it ends with ok
1 verbose cli [ '/Users/avinashrahul.gudimet/.nvm/versions/node/v7.1.0/bin/node',
1 verbose cli   '/Users/avinashrahul.gudimet/.nvm/versions/node/v7.1.0/bin/npm',
1 verbose cli   'run',
1 verbose cli   'build' ]
2 info using npm@3.10.9
3 info using node@v7.1.0
4 verbose run-script [ 'prebuild', 'build', 'postbuild' ]
5 info lifecycle react_setup@1.0.0~prebuild: react_setup@1.0.0
6 silly lifecycle react_setup@1.0.0~prebuild: no script for prebuild, continuing
7 info lifecycle react_setup@1.0.0~build: react_setup@1.0.0
8 verbose lifecycle react_setup@1.0.0~build: unsafe-perm in lifecycle true
9 verbose lifecycle react_setup@1.0.0~build: PATH: /Users/avinashrahul.gudimet/.nvm/versions/node/v7.1.0/lib/node_modules/npm/bin/node-gyp-bin:/Users/avinashrahul.gudimet/Desktop/workspace/react_setup/node_modules/.bin:/Users/avinashrahul.gudimet/.nvm/versions/node/v7.1.0/bin:/Users/avinashrahul.gudimet/.rvm/gems/ruby-2.1.1/bin:/Users/avinashrahul.gudimet/.rvm/gems/ruby-2.1.1@global/bin:/Users/avinashrahul.gudimet/.rvm/rubies/ruby-2.1.1/bin:/usr/local/sbin:/usr/local/bin:/usr/bin:/bin:/usr/sbin:/sbin:/Users/avinashrahul.gudimet/.rvm/bin
10 verbose lifecycle react_setup@1.0.0~build: CWD: /Users/avinashrahul.gudimet/Desktop/workspace/react_setup
11 silly lifecycle react_setup@1.0.0~build: Args: [ '-c', 'webpack' ]
12 silly lifecycle react_setup@1.0.0~build: Returned: code: 2  signal: null
13 info lifecycle react_setup@1.0.0~build: Failed to exec build script
14 verbose stack Error: react_setup@1.0.0 build: `webpack`
14 verbose stack Exit status 2
14 verbose stack     at EventEmitter.<anonymous> (/Users/avinashrahul.gudimet/.nvm/versions/node/v7.1.0/lib/node_modules/npm/lib/utils/lifecycle.js:255:16)
14 verbose stack     at emitTwo (events.js:106:13)
14 verbose stack     at EventEmitter.emit (events.js:191:7)
14 verbose stack     at ChildProcess.<anonymous> (/Users/avinashrahul.gudimet/.nvm/versions/node/v7.1.0/lib/node_modules/npm/lib/utils/spawn.js:40:14)
14 verbose stack     at emitTwo (events.js:106:13)
14 verbose stack     at ChildProcess.emit (events.js:191:7)
14 verbose stack     at maybeClose (internal/child_process.js:885:16)
14 verbose stack     at Process.ChildProcess._handle.onexit (internal/child_process.js:226:5)
15 verbose pkgid react_setup@1.0.0
16 verbose cwd /Users/avinashrahul.gudimet/Desktop/workspace/react_setup
17 error Darwin 14.5.0
18 error argv "/Users/avinashrahul.gudimet/.nvm/versions/node/v7.1.0/bin/node" "/Users/avinashrahul.gudimet/.nvm/versions/node/v7.1.0/bin/npm" "run" "build"
19 error node v7.1.0
20 error npm  v3.10.9
21 error code ELIFECYCLE
22 error react_setup@1.0.0 build: `webpack`
22 error Exit status 2
23 error Failed at the react_setup@1.0.0 build script 'webpack'.
23 error Make sure you have the latest version of node.js and npm installed.
23 error If you do, this is most likely a problem with the react_setup package,
23 error not with npm itself.
23 error Tell the author that this fails on your system:
23 error     webpack
23 error You can get information on how to open an issue for this project with:
23 error     npm bugs react_setup
23 error Or if that isn't available, you can get their info via:
23 error     npm owner ls react_setup
23 error There is likely additional logging output above.
24 verbose exit [ 1, true ]
